<?xml version="1.0" encoding="UTF-8"?>
<!-- Generated by org.testng.reporters.JUnitReportReporter -->
<testsuite skipped="0" hostname="APPINDRNLAP106" name="com.testRunner.TestRunner" tests="1" failures="0" timestamp="01 Sep 2021 11:41:35 GMT" time="8.040" errors="0">
  <testcase name="runScenario" time="8.040" classname="com.testRunner.TestRunner"/>
</testsuite> <!-- com.testRunner.TestRunner -->
